[20:55:49] [main/INFO]: Loading Minecraft 1.20.1 with Fabric Loader 0.15.11
[20:55:49] [main/INFO]: Fabric is preparing JARs on first launch, this may take a few seconds...
[20:55:49] [main/INFO]: Loading 4 mods:
	- fabricloader 0.15.11
	   \-- mixinextras 0.3.5
	- java 17
	- minecraft 1.20.1
[20:55:49] [main/INFO]: SpongePowered MIXIN Subsystem Version=0.8.5 Source=file:/C:/Users/pa220/AppData/Roaming/com.modrinth.theseus/meta/libraries/net/fabricmc/sponge-mixin/0.13.3+mixin.0.8.5/sponge-mixin-0.13.3+mixin.0.8.5.jar Service=Knot/Fabric Env=CLIENT
[20:55:54] [Datafixer Bootstrap/INFO]: 188 Datafixer optimizations took 200 milliseconds
[20:55:57] [Render thread/INFO]: Environment: authHost='https://authserver.mojang.com', accountsHost='https://api.mojang.com', sessionHost='https://sessionserver.mojang.com', servicesHost='https://api.minecraftservices.com', name='PROD'
[20:55:57] [Yggdrasil Key Fetcher/ERROR]: Failed to request yggdrasil public key
com.mojang.authlib.exceptions.AuthenticationUnavailableException: Cannot contact authentication server
	at com.mojang.authlib.yggdrasil.YggdrasilAuthenticationService.makeRequest(YggdrasilAuthenticationService.java:119) ~[authlib-4.0.43.jar:?]
	at com.mojang.authlib.yggdrasil.YggdrasilAuthenticationService.makeRequest(YggdrasilAuthenticationService.java:91) ~[authlib-4.0.43.jar:?]
	at com.mojang.authlib.yggdrasil.YggdrasilServicesKeyInfo.fetch(YggdrasilServicesKeyInfo.java:94) ~[authlib-4.0.43.jar:?]
	at com.mojang.authlib.yggdrasil.YggdrasilServicesKeyInfo.lambda$get$1(YggdrasilServicesKeyInfo.java:81) ~[authlib-4.0.43.jar:?]
	at java.util.concurrent.Executors$RunnableAdapter.call(Unknown Source) ~[?:?]
	at java.util.concurrent.FutureTask.runAndReset(Unknown Source) ~[?:?]
	at java.util.concurrent.ScheduledThreadPoolExecutor$ScheduledFutureTask.run(Unknown Source) ~[?:?]
	at java.util.concurrent.ThreadPoolExecutor.runWorker(Unknown Source) ~[?:?]
	at java.util.concurrent.ThreadPoolExecutor$Worker.run(Unknown Source) ~[?:?]
	at java.lang.Thread.run(Unknown Source) ~[?:?]
Caused by: java.net.UnknownHostException: api.minecraftservices.com
	at sun.nio.ch.NioSocketImpl.connect(Unknown Source) ~[?:?]
	at java.net.SocksSocketImpl.connect(Unknown Source) ~[?:?]
	at java.net.Socket.connect(Unknown Source) ~[?:?]
	at sun.security.ssl.SSLSocketImpl.connect(Unknown Source) ~[?:?]
	at sun.net.NetworkClient.doConnect(Unknown Source) ~[?:?]
	at sun.net.www.http.HttpClient.openServer(Unknown Source) ~[?:?]
	at sun.net.www.http.HttpClient.openServer(Unknown Source) ~[?:?]
	at sun.net.www.protocol.https.HttpsClient.<init>(Unknown Source) ~[?:?]
	at sun.net.www.protocol.https.HttpsClient.New(Unknown Source) ~[?:?]
	at sun.net.www.protocol.https.AbstractDelegateHttpsURLConnection.getNewHttpClient(Unknown Source) ~[?:?]
	at sun.net.www.protocol.http.HttpURLConnection.plainConnect0(Unknown Source) ~[?:?]
	at sun.net.www.protocol.http.HttpURLConnection.plainConnect(Unknown Source) ~[?:?]
	at sun.net.www.protocol.https.AbstractDelegateHttpsURLConnection.connect(Unknown Source) ~[?:?]
	at sun.net.www.protocol.http.HttpURLConnection.getInputStream0(Unknown Source) ~[?:?]
	at sun.net.www.protocol.http.HttpURLConnection.getInputStream(Unknown Source) ~[?:?]
	at sun.net.www.protocol.https.HttpsURLConnectionImpl.getInputStream(Unknown Source) ~[?:?]
	at com.mojang.authlib.HttpAuthenticationService.performGetRequest(HttpAuthenticationService.java:140) ~[authlib-4.0.43.jar:?]
	at com.mojang.authlib.yggdrasil.YggdrasilAuthenticationService.makeRequest(YggdrasilAuthenticationService.java:96) ~[authlib-4.0.43.jar:?]
	... 9 more
[20:55:57] [Render thread/ERROR]: Failed to verify authentication
com.mojang.authlib.exceptions.AuthenticationException: com.mojang.authlib.exceptions.MinecraftClientException: Failed to read from https://api.minecraftservices.com/player/attributes due to api.minecraftservices.com
	at com.mojang.authlib.exceptions.MinecraftClientException.toAuthenticationException(MinecraftClientException.java:28) ~[authlib-4.0.43.jar:?]
	at com.mojang.authlib.yggdrasil.YggdrasilUserApiService.fetchProperties(YggdrasilUserApiService.java:160) ~[authlib-4.0.43.jar:?]
	at com.mojang.authlib.yggdrasil.YggdrasilUserApiService.<init>(YggdrasilUserApiService.java:55) ~[authlib-4.0.43.jar:?]
	at com.mojang.authlib.yggdrasil.YggdrasilAuthenticationService.createUserApiService(YggdrasilAuthenticationService.java:124) ~[authlib-4.0.43.jar:?]
	at net.minecraft.class_310.method_31382(class_310.java:733) ~[client-intermediary.jar:?]
	at net.minecraft.class_310.<init>(class_310.java:442) ~[client-intermediary.jar:?]
	at net.minecraft.client.main.Main.main(Main.java:211) ~[1.20.1-0.15.11.jar:?]
	at net.fabricmc.loader.impl.game.minecraft.MinecraftGameProvider.launch(MinecraftGameProvider.java:470) ~[fabric-loader-0.15.11.jar:?]
	at net.fabricmc.loader.impl.launch.knot.Knot.launch(Knot.java:74) ~[fabric-loader-0.15.11.jar:?]
	at net.fabricmc.loader.impl.launch.knot.KnotClient.main(KnotClient.java:23) ~[fabric-loader-0.15.11.jar:?]
Caused by: com.mojang.authlib.exceptions.MinecraftClientException: Failed to read from https://api.minecraftservices.com/player/attributes due to api.minecraftservices.com
	at com.mojang.authlib.minecraft.client.MinecraftClient.readInputStream(MinecraftClient.java:93) ~[authlib-4.0.43.jar:?]
	at com.mojang.authlib.minecraft.client.MinecraftClient.get(MinecraftClient.java:48) ~[authlib-4.0.43.jar:?]
	at com.mojang.authlib.yggdrasil.YggdrasilUserApiService.fetchProperties(YggdrasilUserApiService.java:129) ~[authlib-4.0.43.jar:?]
	... 8 more
Caused by: java.net.UnknownHostException: api.minecraftservices.com
	at sun.nio.ch.NioSocketImpl.connect(Unknown Source) ~[?:?]
	at java.net.SocksSocketImpl.connect(Unknown Source) ~[?:?]
	at java.net.Socket.connect(Unknown Source) ~[?:?]
	at sun.security.ssl.SSLSocketImpl.connect(Unknown Source) ~[?:?]
	at sun.net.NetworkClient.doConnect(Unknown Source) ~[?:?]
	at sun.net.www.http.HttpClient.openServer(Unknown Source) ~[?:?]
	at sun.net.www.http.HttpClient.openServer(Unknown Source) ~[?:?]
	at sun.net.www.protocol.https.HttpsClient.<init>(Unknown Source) ~[?:?]
	at sun.net.www.protocol.https.HttpsClient.New(Unknown Source) ~[?:?]
	at sun.net.www.protocol.https.AbstractDelegateHttpsURLConnection.getNewHttpClient(Unknown Source) ~[?:?]
	at sun.net.www.protocol.http.HttpURLConnection.plainConnect0(Unknown Source) ~[?:?]
	at sun.net.www.protocol.http.HttpURLConnection.plainConnect(Unknown Source) ~[?:?]
	at sun.net.www.protocol.https.AbstractDelegateHttpsURLConnection.connect(Unknown Source) ~[?:?]
	at sun.net.www.protocol.http.HttpURLConnection.getInputStream0(Unknown Source) ~[?:?]
	at sun.net.www.protocol.http.HttpURLConnection.getInputStream(Unknown Source) ~[?:?]
	at java.net.HttpURLConnection.getResponseCode(Unknown Source) ~[?:?]
	at sun.net.www.protocol.https.HttpsURLConnectionImpl.getResponseCode(Unknown Source) ~[?:?]
	at com.mojang.authlib.minecraft.client.MinecraftClient.readInputStream(MinecraftClient.java:72) ~[authlib-4.0.43.jar:?]
	at com.mojang.authlib.minecraft.client.MinecraftClient.get(MinecraftClient.java:48) ~[authlib-4.0.43.jar:?]
	at com.mojang.authlib.yggdrasil.YggdrasilUserApiService.fetchProperties(YggdrasilUserApiService.java:129) ~[authlib-4.0.43.jar:?]
	... 8 more
[20:55:57] [Render thread/INFO]: Setting user: 4Schage
[20:55:57] [Render thread/INFO]: Backend library: LWJGL version 3.3.1 SNAPSHOT
[20:55:58] [Worker-Main-1/ERROR]: Failed to retrieve profile key pair
java.io.IOException: Could not retrieve profile key pair
	at net.minecraft.class_7434.method_43605(class_7434.java:139) ~[client-intermediary.jar:?]
	at net.minecraft.class_7434.method_44291(class_7434.java:79) ~[client-intermediary.jar:?]
	at java.util.concurrent.CompletableFuture$AsyncSupply.run(Unknown Source) ~[?:?]
	at java.util.concurrent.CompletableFuture$AsyncSupply.exec(Unknown Source) ~[?:?]
	at java.util.concurrent.ForkJoinTask.doExec(Unknown Source) ~[?:?]
	at java.util.concurrent.ForkJoinPool$WorkQueue.topLevelExec(Unknown Source) ~[?:?]
	at java.util.concurrent.ForkJoinPool.scan(Unknown Source) ~[?:?]
	at java.util.concurrent.ForkJoinPool.runWorker(Unknown Source) ~[?:?]
	at java.util.concurrent.ForkJoinWorkerThread.run(Unknown Source) ~[?:?]
[20:55:58] [Render thread/INFO]: Reloading ResourceManager: vanilla
[20:55:59] [Worker-Main-11/INFO]: Found unifont_all_no_pua-15.0.06.hex, loading
[20:56:00] [Render thread/WARN]: Missing sound for event: minecraft:item.goat_horn.play
[20:56:00] [Render thread/WARN]: Missing sound for event: minecraft:entity.goat.screaming.horn_break
[20:56:00] [Render thread/INFO]: OpenAL initialized on device OpenAL Soft on Headphones (High Definition Audio Device)
[20:56:00] [Render thread/INFO]: Sound engine started
[20:56:00] [Render thread/INFO]: Created: 1024x512x4 minecraft:textures/atlas/blocks.png-atlas
[20:56:00] [Render thread/INFO]: Created: 256x256x4 minecraft:textures/atlas/signs.png-atlas
[20:56:00] [Render thread/INFO]: Created: 512x512x4 minecraft:textures/atlas/banner_patterns.png-atlas
[20:56:00] [Render thread/INFO]: Created: 512x512x4 minecraft:textures/atlas/shield_patterns.png-atlas
[20:56:00] [Render thread/INFO]: Created: 1024x1024x4 minecraft:textures/atlas/armor_trims.png-atlas
[20:56:00] [Render thread/INFO]: Created: 256x256x4 minecraft:textures/atlas/chest.png-atlas
[20:56:00] [Render thread/INFO]: Created: 128x64x4 minecraft:textures/atlas/decorated_pot.png-atlas
[20:56:00] [Render thread/INFO]: Created: 512x256x4 minecraft:textures/atlas/beds.png-atlas
[20:56:00] [Render thread/INFO]: Created: 512x256x4 minecraft:textures/atlas/shulker_boxes.png-atlas
[20:56:01] [Render thread/WARN]: Shader rendertype_entity_translucent_emissive could not find sampler named Sampler2 in the specified shader program.
[20:56:01] [Render thread/INFO]: Created: 256x256x0 minecraft:textures/atlas/particles.png-atlas
[20:56:01] [Render thread/INFO]: Created: 256x256x0 minecraft:textures/atlas/paintings.png-atlas
[20:56:01] [Render thread/INFO]: Created: 128x128x0 minecraft:textures/atlas/mob_effects.png-atlas
[20:56:02] [Render thread/INFO]: Stopping!
